<?xml version="1.0" encoding="UTF-8"?>
<testsuite xmlns:xsi="http://www.w3.org/2001/XMLSchema-instance" xsi:noNamespaceSchemaLocation="https://maven.apache.org/surefire/maven-surefire-plugin/xsd/surefire-test-report.xsd" name="com.xyz.gwtlogSuite" time="43.248" tests="2" errors="0" skipped="0" failures="0">
  <properties>
    <property name="sun.desktop" value="windows"/>
    <property name="awt.toolkit" value="sun.awt.windows.WToolkit"/>
    <property name="java.specification.version" value="11"/>
    <property name="sun.cpu.isalist" value="amd64"/>
    <property name="sun.jnu.encoding" value="Cp1252"/>
    <property name="java.class.path" value="C:\Users\gamin\.m2\repository\org\apache\maven\surefire\surefire-booter\2.22.2\surefire-booter-2.22.2.jar;C:\Users\gamin\.m2\repository\org\apache\maven\surefire\surefire-api\2.22.2\surefire-api-2.22.2.jar;C:\Users\gamin\.m2\repository\org\apache\maven\surefire\surefire-logger-api\2.22.2\surefire-logger-api-2.22.2.jar;D:\projects\gwtlog\target\test-classes;D:\projects\gwtlog\target\gwtlog-1.0\WEB-INF\classes;C:\Users\gamin\.m2\repository\org\mariadb\jdbc\mariadb-java-client\3.0.6\mariadb-java-client-3.0.6.jar;C:\Users\gamin\.m2\repository\mysql\mysql-connector-java\8.0.29\mysql-connector-java-8.0.29.jar;C:\Users\gamin\.m2\repository\com\google\protobuf\protobuf-java\3.19.4\protobuf-java-3.19.4.jar;C:\Users\gamin\.m2\repository\org\gwtproject\gwt-servlet\2.10.0\gwt-servlet-2.10.0.jar;C:\Users\gamin\.m2\repository\org\gwtproject\gwt-user\2.10.0\gwt-user-2.10.0.jar;C:\Users\gamin\.m2\repository\com\google\jsinterop\jsinterop-annotations\2.0.0\jsinterop-annotations-2.0.0.jar;C:\Users\gamin\.m2\repository\javax\validation\validation-api\1.0.0.GA\validation-api-1.0.0.GA.jar;C:\Users\gamin\.m2\repository\javax\validation\validation-api\1.0.0.GA\validation-api-1.0.0.GA-sources.jar;C:\Users\gamin\.m2\repository\javax\servlet\javax.servlet-api\3.1.0\javax.servlet-api-3.1.0.jar;C:\Users\gamin\.m2\repository\org\w3c\css\sac\1.3\sac-1.3.jar;C:\Users\gamin\.m2\repository\org\gwtproject\gwt-dev\2.10.0\gwt-dev-2.10.0.jar;C:\Users\gamin\.m2\repository\com\google\code\findbugs\jsr305\1.3.9\jsr305-1.3.9.jar;C:\Users\gamin\.m2\repository\com\google\code\gson\gson\2.6.2\gson-2.6.2.jar;C:\Users\gamin\.m2\repository\org\ow2\asm\asm\9.2\asm-9.2.jar;C:\Users\gamin\.m2\repository\org\ow2\asm\asm-util\9.2\asm-util-9.2.jar;C:\Users\gamin\.m2\repository\org\ow2\asm\asm-tree\9.2\asm-tree-9.2.jar;C:\Users\gamin\.m2\repository\org\ow2\asm\asm-analysis\9.2\asm-analysis-9.2.jar;C:\Users\gamin\.m2\repository\org\ow2\asm\asm-commons\9.2\asm-commons-9.2.jar;C:\Users\gamin\.m2\repository\colt\colt\1.2.0\colt-1.2.0.jar;C:\Users\gamin\.m2\repository\commons-collections\commons-collections\3.2.2\commons-collections-3.2.2.jar;C:\Users\gamin\.m2\repository\commons-io\commons-io\2.4\commons-io-2.4.jar;C:\Users\gamin\.m2\repository\com\ibm\icu\icu4j\63.1\icu4j-63.1.jar;C:\Users\gamin\.m2\repository\tapestry\tapestry\4.0.2\tapestry-4.0.2.jar;C:\Users\gamin\.m2\repository\net\sourceforge\htmlunit\htmlunit\2.55.0\htmlunit-2.55.0.jar;C:\Users\gamin\.m2\repository\xalan\xalan\2.7.2\xalan-2.7.2.jar;C:\Users\gamin\.m2\repository\xalan\serializer\2.7.2\serializer-2.7.2.jar;C:\Users\gamin\.m2\repository\org\apache\commons\commons-lang3\3.12.0\commons-lang3-3.12.0.jar;C:\Users\gamin\.m2\repository\org\apache\commons\commons-text\1.9\commons-text-1.9.jar;C:\Users\gamin\.m2\repository\org\apache\httpcomponents\httpmime\4.5.13\httpmime-4.5.13.jar;C:\Users\gamin\.m2\repository\org\apache\httpcomponents\httpclient\4.5.13\httpclient-4.5.13.jar;C:\Users\gamin\.m2\repository\org\apache\httpcomponents\httpcore\4.4.13\httpcore-4.4.13.jar;C:\Users\gamin\.m2\repository\commons-codec\commons-codec\1.11\commons-codec-1.11.jar;C:\Users\gamin\.m2\repository\net\sourceforge\htmlunit\htmlunit-core-js\2.55.0\htmlunit-core-js-2.55.0.jar;C:\Users\gamin\.m2\repository\net\sourceforge\htmlunit\neko-htmlunit\2.55.0\neko-htmlunit-2.55.0.jar;C:\Users\gamin\.m2\repository\xerces\xercesImpl\2.12.1\xercesImpl-2.12.1.jar;C:\Users\gamin\.m2\repository\xml-apis\xml-apis\1.4.01\xml-apis-1.4.01.jar;C:\Users\gamin\.m2\repository\net\sourceforge\htmlunit\htmlunit-cssparser\1.10.0\htmlunit-cssparser-1.10.0.jar;C:\Users\gamin\.m2\repository\commons-logging\commons-logging\1.2\commons-logging-1.2.jar;C:\Users\gamin\.m2\repository\commons-net\commons-net\3.8.0\commons-net-3.8.0.jar;C:\Users\gamin\.m2\repository\org\brotli\dec\0.1.2\dec-0.1.2.jar;C:\Users\gamin\.m2\repository\com\shapesecurity\salvation2\3.0.0\salvation2-3.0.0.jar;C:\Users\gamin\.m2\repository\org\eclipse\jetty\websocket\websocket-client\9.4.44.v20210927\websocket-client-9.4.44.v20210927.jar;C:\Users\gamin\.m2\repository\org\eclipse\jetty\jetty-client\9.4.44.v20210927\jetty-client-9.4.44.v20210927.jar;C:\Users\gamin\.m2\repository\org\eclipse\jetty\websocket\websocket-common\9.4.44.v20210927\websocket-common-9.4.44.v20210927.jar;C:\Users\gamin\.m2\repository\org\eclipse\jetty\websocket\websocket-api\9.4.44.v20210927\websocket-api-9.4.44.v20210927.jar;C:\Users\gamin\.m2\repository\org\eclipse\jetty\jetty-webapp\9.4.44.v20210927\jetty-webapp-9.4.44.v20210927.jar;C:\Users\gamin\.m2\repository\org\eclipse\jetty\jetty-xml\9.4.44.v20210927\jetty-xml-9.4.44.v20210927.jar;C:\Users\gamin\.m2\repository\org\eclipse\jetty\jetty-servlet\9.4.44.v20210927\jetty-servlet-9.4.44.v20210927.jar;C:\Users\gamin\.m2\repository\org\eclipse\jetty\jetty-security\9.4.44.v20210927\jetty-security-9.4.44.v20210927.jar;C:\Users\gamin\.m2\repository\org\eclipse\jetty\jetty-server\9.4.44.v20210927\jetty-server-9.4.44.v20210927.jar;C:\Users\gamin\.m2\repository\org\eclipse\jetty\jetty-util-ajax\9.4.44.v20210927\jetty-util-ajax-9.4.44.v20210927.jar;C:\Users\gamin\.m2\repository\org\eclipse\jetty\jetty-servlets\9.4.44.v20210927\jetty-servlets-9.4.44.v20210927.jar;C:\Users\gamin\.m2\repository\org\eclipse\jetty\jetty-continuation\9.4.44.v20210927\jetty-continuation-9.4.44.v20210927.jar;C:\Users\gamin\.m2\repository\org\eclipse\jetty\jetty-http\9.4.44.v20210927\jetty-http-9.4.44.v20210927.jar;C:\Users\gamin\.m2\repository\org\eclipse\jetty\jetty-util\9.4.44.v20210927\jetty-util-9.4.44.v20210927.jar;C:\Users\gamin\.m2\repository\org\eclipse\jetty\jetty-io\9.4.44.v20210927\jetty-io-9.4.44.v20210927.jar;C:\Users\gamin\.m2\repository\org\eclipse\jetty\jetty-annotations\9.4.44.v20210927\jetty-annotations-9.4.44.v20210927.jar;C:\Users\gamin\.m2\repository\org\eclipse\jetty\jetty-plus\9.4.44.v20210927\jetty-plus-9.4.44.v20210927.jar;C:\Users\gamin\.m2\repository\org\eclipse\jetty\jetty-jndi\9.4.44.v20210927\jetty-jndi-9.4.44.v20210927.jar;C:\Users\gamin\.m2\repository\javax\annotation\javax.annotation-api\1.3.2\javax.annotation-api-1.3.2.jar;C:\Users\gamin\.m2\repository\org\eclipse\jetty\apache-jsp\9.4.44.v20210927\apache-jsp-9.4.44.v20210927.jar;C:\Users\gamin\.m2\repository\org\eclipse\jetty\toolchain\jetty-schemas\3.1.2\jetty-schemas-3.1.2.jar;C:\Users\gamin\.m2\repository\org\mortbay\jasper\apache-jsp\8.5.70\apache-jsp-8.5.70.jar;C:\Users\gamin\.m2\repository\org\mortbay\jasper\apache-el\8.5.70\apache-el-8.5.70.jar;C:\Users\gamin\.m2\repository\org\eclipse\jdt\ecj\3.19.0\ecj-3.19.0.jar;C:\Users\gamin\.m2\repository\junit\junit\4.13.2\junit-4.13.2.jar;C:\Users\gamin\.m2\repository\org\hamcrest\hamcrest-core\1.3\hamcrest-core-1.3.jar;D:\projects\gwtlog\src\main\java;D:\projects\gwtlog\src\test\java;C:\Users\gamin\.m2\repository\org\apache\maven\surefire\surefire-junit4\2.22.2\surefire-junit4-2.22.2.jar"/>
    <property name="java.vm.vendor" value="Amazon.com Inc."/>
    <property name="sun.arch.data.model" value="64"/>
    <property name="user.variant" value=""/>
    <property name="java.vendor.url" value="https://aws.amazon.com/corretto/"/>
    <property name="user.timezone" value="Asia/Dhaka"/>
    <property name="java.vm.specification.version" value="11"/>
    <property name="os.name" value="Windows 10"/>
    <property name="sun.java.launcher" value="SUN_STANDARD"/>
    <property name="user.country" value="US"/>
    <property name="sun.boot.library.path" value="C:\Program Files\Amazon Corretto\jdk11.0.15_9\bin"/>
    <property name="sun.java.command" value="org.apache.maven.surefire.booter.ForkedBooter C:\Users\gamin\AppData\Local\Temp\surefire16581058279159961842 2022-12-03T00-01-28_577-jvmRun1 surefire6374828472057124667tmp surefire_01016949872091776670tmp"/>
    <property name="jdk.debug" value="release"/>
    <property name="surefire.test.class.path" value="D:\projects\gwtlog\target\test-classes;D:\projects\gwtlog\target\gwtlog-1.0\WEB-INF\classes;C:\Users\gamin\.m2\repository\org\mariadb\jdbc\mariadb-java-client\3.0.6\mariadb-java-client-3.0.6.jar;C:\Users\gamin\.m2\repository\mysql\mysql-connector-java\8.0.29\mysql-connector-java-8.0.29.jar;C:\Users\gamin\.m2\repository\com\google\protobuf\protobuf-java\3.19.4\protobuf-java-3.19.4.jar;C:\Users\gamin\.m2\repository\org\gwtproject\gwt-servlet\2.10.0\gwt-servlet-2.10.0.jar;C:\Users\gamin\.m2\repository\org\gwtproject\gwt-user\2.10.0\gwt-user-2.10.0.jar;C:\Users\gamin\.m2\repository\com\google\jsinterop\jsinterop-annotations\2.0.0\jsinterop-annotations-2.0.0.jar;C:\Users\gamin\.m2\repository\javax\validation\validation-api\1.0.0.GA\validation-api-1.0.0.GA.jar;C:\Users\gamin\.m2\repository\javax\validation\validation-api\1.0.0.GA\validation-api-1.0.0.GA-sources.jar;C:\Users\gamin\.m2\repository\javax\servlet\javax.servlet-api\3.1.0\javax.servlet-api-3.1.0.jar;C:\Users\gamin\.m2\repository\org\w3c\css\sac\1.3\sac-1.3.jar;C:\Users\gamin\.m2\repository\org\gwtproject\gwt-dev\2.10.0\gwt-dev-2.10.0.jar;C:\Users\gamin\.m2\repository\com\google\code\findbugs\jsr305\1.3.9\jsr305-1.3.9.jar;C:\Users\gamin\.m2\repository\com\google\code\gson\gson\2.6.2\gson-2.6.2.jar;C:\Users\gamin\.m2\repository\org\ow2\asm\asm\9.2\asm-9.2.jar;C:\Users\gamin\.m2\repository\org\ow2\asm\asm-util\9.2\asm-util-9.2.jar;C:\Users\gamin\.m2\repository\org\ow2\asm\asm-tree\9.2\asm-tree-9.2.jar;C:\Users\gamin\.m2\repository\org\ow2\asm\asm-analysis\9.2\asm-analysis-9.2.jar;C:\Users\gamin\.m2\repository\org\ow2\asm\asm-commons\9.2\asm-commons-9.2.jar;C:\Users\gamin\.m2\repository\colt\colt\1.2.0\colt-1.2.0.jar;C:\Users\gamin\.m2\repository\commons-collections\commons-collections\3.2.2\commons-collections-3.2.2.jar;C:\Users\gamin\.m2\repository\commons-io\commons-io\2.4\commons-io-2.4.jar;C:\Users\gamin\.m2\repository\com\ibm\icu\icu4j\63.1\icu4j-63.1.jar;C:\Users\gamin\.m2\repository\tapestry\tapestry\4.0.2\tapestry-4.0.2.jar;C:\Users\gamin\.m2\repository\net\sourceforge\htmlunit\htmlunit\2.55.0\htmlunit-2.55.0.jar;C:\Users\gamin\.m2\repository\xalan\xalan\2.7.2\xalan-2.7.2.jar;C:\Users\gamin\.m2\repository\xalan\serializer\2.7.2\serializer-2.7.2.jar;C:\Users\gamin\.m2\repository\org\apache\commons\commons-lang3\3.12.0\commons-lang3-3.12.0.jar;C:\Users\gamin\.m2\repository\org\apache\commons\commons-text\1.9\commons-text-1.9.jar;C:\Users\gamin\.m2\repository\org\apache\httpcomponents\httpmime\4.5.13\httpmime-4.5.13.jar;C:\Users\gamin\.m2\repository\org\apache\httpcomponents\httpclient\4.5.13\httpclient-4.5.13.jar;C:\Users\gamin\.m2\repository\org\apache\httpcomponents\httpcore\4.4.13\httpcore-4.4.13.jar;C:\Users\gamin\.m2\repository\commons-codec\commons-codec\1.11\commons-codec-1.11.jar;C:\Users\gamin\.m2\repository\net\sourceforge\htmlunit\htmlunit-core-js\2.55.0\htmlunit-core-js-2.55.0.jar;C:\Users\gamin\.m2\repository\net\sourceforge\htmlunit\neko-htmlunit\2.55.0\neko-htmlunit-2.55.0.jar;C:\Users\gamin\.m2\repository\xerces\xercesImpl\2.12.1\xercesImpl-2.12.1.jar;C:\Users\gamin\.m2\repository\xml-apis\xml-apis\1.4.01\xml-apis-1.4.01.jar;C:\Users\gamin\.m2\repository\net\sourceforge\htmlunit\htmlunit-cssparser\1.10.0\htmlunit-cssparser-1.10.0.jar;C:\Users\gamin\.m2\repository\commons-logging\commons-logging\1.2\commons-logging-1.2.jar;C:\Users\gamin\.m2\repository\commons-net\commons-net\3.8.0\commons-net-3.8.0.jar;C:\Users\gamin\.m2\repository\org\brotli\dec\0.1.2\dec-0.1.2.jar;C:\Users\gamin\.m2\repository\com\shapesecurity\salvation2\3.0.0\salvation2-3.0.0.jar;C:\Users\gamin\.m2\repository\org\eclipse\jetty\websocket\websocket-client\9.4.44.v20210927\websocket-client-9.4.44.v20210927.jar;C:\Users\gamin\.m2\repository\org\eclipse\jetty\jetty-client\9.4.44.v20210927\jetty-client-9.4.44.v20210927.jar;C:\Users\gamin\.m2\repository\org\eclipse\jetty\websocket\websocket-common\9.4.44.v20210927\websocket-common-9.4.44.v20210927.jar;C:\Users\gamin\.m2\repository\org\eclipse\jetty\websocket\websocket-api\9.4.44.v20210927\websocket-api-9.4.44.v20210927.jar;C:\Users\gamin\.m2\repository\org\eclipse\jetty\jetty-webapp\9.4.44.v20210927\jetty-webapp-9.4.44.v20210927.jar;C:\Users\gamin\.m2\repository\org\eclipse\jetty\jetty-xml\9.4.44.v20210927\jetty-xml-9.4.44.v20210927.jar;C:\Users\gamin\.m2\repository\org\eclipse\jetty\jetty-servlet\9.4.44.v20210927\jetty-servlet-9.4.44.v20210927.jar;C:\Users\gamin\.m2\repository\org\eclipse\jetty\jetty-security\9.4.44.v20210927\jetty-security-9.4.44.v20210927.jar;C:\Users\gamin\.m2\repository\org\eclipse\jetty\jetty-server\9.4.44.v20210927\jetty-server-9.4.44.v20210927.jar;C:\Users\gamin\.m2\repository\org\eclipse\jetty\jetty-util-ajax\9.4.44.v20210927\jetty-util-ajax-9.4.44.v20210927.jar;C:\Users\gamin\.m2\repository\org\eclipse\jetty\jetty-servlets\9.4.44.v20210927\jetty-servlets-9.4.44.v20210927.jar;C:\Users\gamin\.m2\repository\org\eclipse\jetty\jetty-continuation\9.4.44.v20210927\jetty-continuation-9.4.44.v20210927.jar;C:\Users\gamin\.m2\repository\org\eclipse\jetty\jetty-http\9.4.44.v20210927\jetty-http-9.4.44.v20210927.jar;C:\Users\gamin\.m2\repository\org\eclipse\jetty\jetty-util\9.4.44.v20210927\jetty-util-9.4.44.v20210927.jar;C:\Users\gamin\.m2\repository\org\eclipse\jetty\jetty-io\9.4.44.v20210927\jetty-io-9.4.44.v20210927.jar;C:\Users\gamin\.m2\repository\org\eclipse\jetty\jetty-annotations\9.4.44.v20210927\jetty-annotations-9.4.44.v20210927.jar;C:\Users\gamin\.m2\repository\org\eclipse\jetty\jetty-plus\9.4.44.v20210927\jetty-plus-9.4.44.v20210927.jar;C:\Users\gamin\.m2\repository\org\eclipse\jetty\jetty-jndi\9.4.44.v20210927\jetty-jndi-9.4.44.v20210927.jar;C:\Users\gamin\.m2\repository\javax\annotation\javax.annotation-api\1.3.2\javax.annotation-api-1.3.2.jar;C:\Users\gamin\.m2\repository\org\eclipse\jetty\apache-jsp\9.4.44.v20210927\apache-jsp-9.4.44.v20210927.jar;C:\Users\gamin\.m2\repository\org\eclipse\jetty\toolchain\jetty-schemas\3.1.2\jetty-schemas-3.1.2.jar;C:\Users\gamin\.m2\repository\org\mortbay\jasper\apache-jsp\8.5.70\apache-jsp-8.5.70.jar;C:\Users\gamin\.m2\repository\org\mortbay\jasper\apache-el\8.5.70\apache-el-8.5.70.jar;C:\Users\gamin\.m2\repository\org\eclipse\jdt\ecj\3.19.0\ecj-3.19.0.jar;C:\Users\gamin\.m2\repository\junit\junit\4.13.2\junit-4.13.2.jar;C:\Users\gamin\.m2\repository\org\hamcrest\hamcrest-core\1.3\hamcrest-core-1.3.jar;D:\projects\gwtlog\src\main\java;D:\projects\gwtlog\src\test\java;"/>
    <property name="sun.cpu.endian" value="little"/>
    <property name="user.home" value="C:\Users\gamin"/>
    <property name="user.language" value="en"/>
    <property name="java.specification.vendor" value="Oracle Corporation"/>
    <property name="java.version.date" value="2022-04-19"/>
    <property name="java.home" value="C:\Program Files\Amazon Corretto\jdk11.0.15_9"/>
    <property name="file.separator" value="\"/>
    <property name="basedir" value="D:\projects\gwtlog"/>
    <property name="java.vm.compressedOopsMode" value="32-bit"/>
    <property name="line.separator" value="&#10;"/>
    <property name="java.specification.name" value="Java Platform API Specification"/>
    <property name="java.vm.specification.vendor" value="Oracle Corporation"/>
    <property name="java.awt.graphicsenv" value="sun.awt.Win32GraphicsEnvironment"/>
    <property name="gwt.args" value=" -war D:\projects\gwtlog\target\gwt-tests\www -workDir D:\projects\gwtlog\build -deploy D:\projects\gwtlog\target\gwt-tests\deploy -sourceLevel 11 -checkAssertions"/>
    <property name="user.script" value=""/>
    <property name="sun.management.compiler" value="HotSpot 64-Bit Tiered Compilers"/>
    <property name="java.runtime.version" value="11.0.15+9-LTS"/>
    <property name="user.name" value="gamin"/>
    <property name="path.separator" value=";"/>
    <property name="os.version" value="10.0"/>
    <property name="java.runtime.name" value="OpenJDK Runtime Environment"/>
    <property name="file.encoding" value="Cp1252"/>
    <property name="java.vm.name" value="OpenJDK 64-Bit Server VM"/>
    <property name="java.vendor.version" value="Corretto-11.0.15.9.1"/>
    <property name="localRepository" value="C:\Users\gamin\.m2\repository"/>
    <property name="java.vendor.url.bug" value="https://github.com/corretto/corretto-11/issues/"/>
    <property name="java.io.tmpdir" value="C:\Users\gamin\AppData\Local\Temp\"/>
    <property name="idea.version" value="2022.1.3"/>
    <property name="java.version" value="11.0.15"/>
    <property name="user.dir" value="D:\projects\gwtlog"/>
    <property name="os.arch" value="amd64"/>
    <property name="java.vm.specification.name" value="Java Virtual Machine Specification"/>
    <property name="java.awt.printerjob" value="sun.awt.windows.WPrinterJob"/>
    <property name="sun.os.patch.level" value=""/>
    <property name="java.library.path" value="C:\Program Files\Amazon Corretto\jdk11.0.15_9\bin;C:\Windows\Sun\Java\bin;C:\Windows\system32;C:\Windows;C:\Program Files\Common Files\Oracle\Java\javapath;C:\Program Files\Amazon Corretto\jdk11.0.15_9\bin;C:\Windows\system32;C:\Windows;C:\Windows\System32\Wbem;C:\Windows\System32\WindowsPowerShell\v1.0\;C:\Windows\System32\OpenSSH\;C:\Program Files\Git\cmd;D:\path\gwt;C:\Program Files\MySQL\MySQL Shell 8.0\bin\;C:\Users\gamin\AppData\Local\Microsoft\WindowsApps;d:\path\mvn;d:\path\mvn\bin;;."/>
    <property name="java.vm.info" value="mixed mode"/>
    <property name="java.vendor" value="Amazon.com Inc."/>
    <property name="java.vm.version" value="11.0.15+9-LTS"/>
    <property name="sun.io.unicode.encoding" value="UnicodeLittle"/>
    <property name="java.class.version" value="55.0"/>
  </properties>
  <testcase name="testGreetingService" classname="com.xyz.client.gwtlogTest" time="43.033"/>
  <testcase name="testFieldVerifier" classname="com.xyz.client.gwtlogTest" time="0.031"/>
</testsuite>